tid:[139650090613760]	[MainConfig.cpp]	[9]	[MainConfig] :	[19:44:10]instructure of main config
tid:[139650090613760]	[main.cpp]	[16]	[main] :	[19:44:10]***********************wanjun server start***********************
tid:[139650090613760]	[MainServer.cpp]	[20]	[MainServer] :	[19:44:10]main server structure ...
tid:[139650090613760]	[MyTransport.cpp]	[17]	[MyTransport] :	[19:44:10]transport structure ...
tid:[139650065344256]	[IOThread.cpp]	[95]	[operator()] :	[19:44:10]start iothread event base loop
tid:[139650031773440]	[IOThread.cpp]	[95]	[operator()] :	[19:44:10]start iothread event base loop
tid:[139650014988032]	[IOThread.cpp]	[95]	[operator()] :	[19:44:10]start iothread event base loop
tid:[139649998202624]	[IOThread.cpp]	[95]	[operator()] :	[19:44:10]start iothread event base loop
tid:[139650056951552]	[IOThread.cpp]	[95]	[operator()] :	[19:44:10]start iothread event base loop
tid:[139650040166144]	[IOThread.cpp]	[95]	[operator()] :	[19:44:10]start iothread event base loop
tid:[139650048558848]	[IOThread.cpp]	[95]	[operator()] :	[19:44:10]start iothread event base loop
tid:[139649989809920]	[IOThread.cpp]	[95]	[operator()] :	[19:44:10]start iothread event base loop
tid:[139650006595328]	[IOThread.cpp]	[95]	[operator()] :	[19:44:10]start iothread event base loop
tid:[139650090613760]	[MainServer.cpp]	[75]	[serve] :	[19:44:10]serve() ... start 
tid:[139649981417216]	[IOThread.cpp]	[95]	[operator()] :	[19:44:10]start iothread event base loop
tid:[139650090613760]	[MyTransport.cpp]	[49]	[listen] :	[19:44:10]new listener ...
tid:[139650090613760]	[MyTransport.cpp]	[77]	[do_accept] :	[19:47:42]new client connection [59]...
tid:[139650090613760]	[MainServer.cpp]	[90]	[handlerConn] :	[19:47:42]main server handler client_conn 
tid:[139650090613760]	[MainServer.cpp]	[94]	[handlerConn] :	[19:47:42]sock->getSocketFD()  59 
tid:[139650090613760]	[MainServer.cpp]	[103]	[handlerConn] :	[19:47:42]select iothread numï¼š [0]
tid:[139650090613760]	[TConnection.cpp]	[28]	[TConnection] :	[19:47:42]TConnection structure iothread ... socket [59]
tid:[139650090613760]	[TConnection.cpp]	[53]	[init] :	[19:47:42]TConnection init bufferevent...
tid:[139650090613760]	[MainServer.cpp]	[107]	[handlerConn] :	[19:47:42]æ–°å»ºä¸€ä¸ª TConnection 
tid:[139650090613760]	[MainServer.cpp]	[122]	[handlerConn] :	[19:47:42]mainserver active push back conn
tid:[139650031773440]	[TConnection.cpp]	[84]	[transition] :	[19:47:42]TConnection transport ...
tid:[139650031773440]	[TConnection.cpp]	[151]	[read_cb] :	[19:47:58]before read input length = 13
tid:[139650031773440]	[TConnection.cpp]	[155]	[read_cb] :	[19:47:58]evbuffer_peek return block size= [1]
tid:[139650031773440]	[TConnection.cpp]	[160]	[read_cb] :	[19:47:58]socket: [59] from evbuffer gdiuagwdkjabk 
tid:[139650031773440]	[TConnection.cpp]	[164]	[read_cb] :	[19:47:58]after read input length = 0

tid:[139650031773440]	[TConnection.cpp]	[151]	[read_cb] :	[19:47:59]before read input length = 13
tid:[139650031773440]	[TConnection.cpp]	[155]	[read_cb] :	[19:47:59]evbuffer_peek return block size= [1]
tid:[139650031773440]	[TConnection.cpp]	[160]	[read_cb] :	[19:47:59]socket: [59] from evbuffer gdiuagwdkjabk 
tid:[139650031773440]	[TConnection.cpp]	[164]	[read_cb] :	[19:47:59]after read input length = 0

tid:[139650031773440]	[TConnection.cpp]	[151]	[read_cb] :	[19:48:54]before read input length = 13
tid:[139650031773440]	[TConnection.cpp]	[155]	[read_cb] :	[19:48:54]evbuffer_peek return block size= [1]
tid:[139650031773440]	[TConnection.cpp]	[160]	[read_cb] :	[19:48:54]socket: [59] from evbuffer gdiuagwdkjabk 
tid:[139650031773440]	[TConnection.cpp]	[164]	[read_cb] :	[19:48:54]after read input length = 0

tid:[139650031773440]	[TConnection.cpp]	[151]	[read_cb] :	[19:48:55]before read input length = 13
tid:[139650031773440]	[TConnection.cpp]	[155]	[read_cb] :	[19:48:55]evbuffer_peek return block size= [1]
tid:[139650031773440]	[TConnection.cpp]	[160]	[read_cb] :	[19:48:55]socket: [59] from evbuffer gdiuagwdkjabk 
tid:[139650031773440]	[TConnection.cpp]	[164]	[read_cb] :	[19:48:55]after read input length = 0

tid:[139650031773440]	[TConnection.cpp]	[151]	[read_cb] :	[19:49:03]before read input length = 5
tid:[139650031773440]	[TConnection.cpp]	[155]	[read_cb] :	[19:49:03]evbuffer_peek return block size= [1]
tid:[139650031773440]	[TConnection.cpp]	[160]	[read_cb] :	[19:49:03]socket: [59] from evbuffer gdiua 
tid:[139650031773440]	[TConnection.cpp]	[164]	[read_cb] :	[19:49:03]after read input length = 0

tid:[139650031773440]	[TConnection.cpp]	[151]	[read_cb] :	[19:50:05]before read input length = 5
tid:[139650031773440]	[TConnection.cpp]	[155]	[read_cb] :	[19:50:05]evbuffer_peek return block size= [1]
tid:[139650031773440]	[TConnection.cpp]	[160]	[read_cb] :	[19:50:05]socket: [59] from evbuffer gdiua 
tid:[139650031773440]	[TConnection.cpp]	[164]	[read_cb] :	[19:50:05]after read input length = 0

tid:[139650031773440]	[TConnection.cpp]	[151]	[read_cb] :	[19:50:08]before read input length = 5
tid:[139650031773440]	[TConnection.cpp]	[155]	[read_cb] :	[19:50:08]evbuffer_peek return block size= [1]
tid:[139650031773440]	[TConnection.cpp]	[160]	[read_cb] :	[19:50:08]socket: [59] from evbuffer gdiua 
tid:[139650031773440]	[TConnection.cpp]	[164]	[read_cb] :	[19:50:08]after read input length = 0

tid:[139650031773440]	[TConnection.cpp]	[151]	[read_cb] :	[19:50:08]before read input length = 5
tid:[139650031773440]	[TConnection.cpp]	[155]	[read_cb] :	[19:50:08]evbuffer_peek return block size= [1]
tid:[139650031773440]	[TConnection.cpp]	[160]	[read_cb] :	[19:50:08]socket: [59] from evbuffer gdiua 
tid:[139650031773440]	[TConnection.cpp]	[164]	[read_cb] :	[19:50:08]after read input length = 0

tid:[139650031773440]	[TConnection.cpp]	[151]	[read_cb] :	[19:50:09]before read input length = 5
tid:[139650031773440]	[TConnection.cpp]	[155]	[read_cb] :	[19:50:09]evbuffer_peek return block size= [1]
tid:[139650031773440]	[TConnection.cpp]	[160]	[read_cb] :	[19:50:09]socket: [59] from evbuffer gdiua 
tid:[139650031773440]	[TConnection.cpp]	[164]	[read_cb] :	[19:50:09]after read input length = 0

tid:[139650031773440]	[TConnection.cpp]	[151]	[read_cb] :	[19:50:10]before read input length = 5
tid:[139650031773440]	[TConnection.cpp]	[155]	[read_cb] :	[19:50:10]evbuffer_peek return block size= [1]
tid:[139650031773440]	[TConnection.cpp]	[160]	[read_cb] :	[19:50:10]socket: [59] from evbuffer gdiua 
tid:[139650031773440]	[TConnection.cpp]	[164]	[read_cb] :	[19:50:10]after read input length = 0

tid:[139650031773440]	[TConnection.cpp]	[151]	[read_cb] :	[19:53:05]before read input length = 5
tid:[139650031773440]	[TConnection.cpp]	[155]	[read_cb] :	[19:53:05]evbuffer_peek return block size= [1]
tid:[139650031773440]	[TConnection.cpp]	[160]	[read_cb] :	[19:53:05]socket: [59] from evbuffer gdiua 
tid:[139650031773440]	[TConnection.cpp]	[164]	[read_cb] :	[19:53:05]after read input length = 0

tid:[139650031773440]	[TConnection.cpp]	[151]	[read_cb] :	[19:54:42]before read input length = 5
tid:[139650031773440]	[TConnection.cpp]	[155]	[read_cb] :	[19:54:42]evbuffer_peek return block size= [1]
tid:[139650031773440]	[TConnection.cpp]	[160]	[read_cb] :	[19:54:42]socket: [59] from evbuffer gdiua 
tid:[139650031773440]	[TConnection.cpp]	[164]	[read_cb] :	[19:54:42]after read input length = 0

tid:[139650031773440]	[TConnection.cpp]	[151]	[read_cb] :	[19:54:43]before read input length = 5
tid:[139650031773440]	[TConnection.cpp]	[155]	[read_cb] :	[19:54:43]evbuffer_peek return block size= [1]
tid:[139650031773440]	[TConnection.cpp]	[160]	[read_cb] :	[19:54:43]socket: [59] from evbuffer gdiua 
tid:[139650031773440]	[TConnection.cpp]	[164]	[read_cb] :	[19:54:43]after read input length = 0

tid:[139650031773440]	[TConnection.cpp]	[151]	[read_cb] :	[19:55:32]before read input length = 8
tid:[139650031773440]	[TConnection.cpp]	[155]	[read_cb] :	[19:55:32]evbuffer_peek return block size= [1]
tid:[139650031773440]	[TConnection.cpp]	[160]	[read_cb] :	[19:55:32]socket: [59] from evbuffer 12344wan 
tid:[139650031773440]	[TConnection.cpp]	[164]	[read_cb] :	[19:55:32]after read input length = 0

tid:[139650031773440]	[TConnection.cpp]	[151]	[read_cb] :	[19:56:38]before read input length = 1
tid:[139650031773440]	[TConnection.cpp]	[155]	[read_cb] :	[19:56:38]evbuffer_peek return block size= [1]
tid:[139650031773440]	[TConnection.cpp]	[160]	[read_cb] :	[19:56:38]socket: [59] from evbuffer £ 
tid:[139650031773440]	[TConnection.cpp]	[164]	[read_cb] :	[19:56:38]after read input length = 0

tid:[139650031773440]	[TConnection.cpp]	[151]	[read_cb] :	[19:57:18]before read input length = 1
tid:[139650031773440]	[TConnection.cpp]	[155]	[read_cb] :	[19:57:18]evbuffer_peek return block size= [1]
tid:[139650031773440]	[TConnection.cpp]	[160]	[read_cb] :	[19:57:18]socket: [59] from evbuffer  
tid:[139650031773440]	[TConnection.cpp]	[164]	[read_cb] :	[19:57:18]after read input length = 0

tid:[139650031773440]	[TConnection.cpp]	[151]	[read_cb] :	[19:57:32]before read input length = 1
tid:[139650031773440]	[TConnection.cpp]	[155]	[read_cb] :	[19:57:32]evbuffer_peek return block size= [1]
tid:[139650031773440]	[TConnection.cpp]	[160]	[read_cb] :	[19:57:32]socket: [59] from evbuffer  
tid:[139650031773440]	[TConnection.cpp]	[164]	[read_cb] :	[19:57:32]after read input length = 0

tid:[139650031773440]	[TConnection.cpp]	[151]	[read_cb] :	[19:57:58]before read input length = 1
tid:[139650031773440]	[TConnection.cpp]	[155]	[read_cb] :	[19:57:58]evbuffer_peek return block size= [1]
tid:[139650031773440]	[TConnection.cpp]	[160]	[read_cb] :	[19:57:58]socket: [59] from evbuffer F 
tid:[139650031773440]	[TConnection.cpp]	[164]	[read_cb] :	[19:57:58]after read input length = 0

tid:[139650031773440]	[TConnection.cpp]	[151]	[read_cb] :	[19:58:37]before read input length = 8
tid:[139650031773440]	[TConnection.cpp]	[155]	[read_cb] :	[19:58:37]evbuffer_peek return block size= [1]
tid:[139650031773440]	[TConnection.cpp]	[160]	[read_cb] :	[19:58:37]socket: [59] from evbuffer 05070406 
tid:[139650031773440]	[TConnection.cpp]	[164]	[read_cb] :	[19:58:37]after read input length = 0

tid:[139650090613760]	[MainServer.cpp]	[168]	[stdin_cb] :	[19:59:34]you have input cmd : [[B[Bover] 
tid:[139650090613760]	[MainServer.cpp]	[84]	[serve] :	[19:59:34]serve() ... end 
tid:[139650090613760]	[main.cpp]	[19]	[main] :	[19:59:34]************************wanjun server end************************
tid:[139650090613760]	[MainServer.cpp]	[38]	[~MainServer] :	[19:59:34]main server destructure ...
tid:[139650090613760]	[MyTransport.cpp]	[22]	[~MyTransport] :	[19:59:34]transport destructure ...
tid:[139650090613760]	[MyTransport.cpp]	[33]	[~MyTransport] :	[19:59:34]transport size = [0]
tid:[139650090613760]	[MainServer.cpp]	[55]	[~MainServer] :	[19:59:34]Main server vector sockets size = [1]
tid:[139650090613760]	[TConnection.cpp]	[35]	[~TConnection] :	[19:59:34]ææ„å‡½æ•° TConnection ... 
tid:[139650090613760]	[TSocket.cpp]	[89]	[~TSocket] :	[19:59:34]TSocket ææ„å‡½æ•°
tid:[139650090613760]	[MainServer.cpp]	[61]	[~MainServer] :	[19:59:34]Main server connection queue size = [0] 
tid:[139650090613760]	[IOThread.cpp]	[60]	[~IOThread] :	[19:59:34]iothread ææ„å‡½æ•°
tid:[139650090613760]	[IOThread.cpp]	[60]	[~IOThread] :	[19:59:34]iothread ææ„å‡½æ•°
tid:[139650090613760]	[IOThread.cpp]	[60]	[~IOThread] :	[19:59:34]iothread ææ„å‡½æ•°
tid:[139650090613760]	[IOThread.cpp]	[60]	[~IOThread] :	[19:59:34]iothread ææ„å‡½æ•°
tid:[139650090613760]	[IOThread.cpp]	[60]	[~IOThread] :	[19:59:34]iothread ææ„å‡½æ•°
tid:[139650090613760]	[IOThread.cpp]	[60]	[~IOThread] :	[19:59:34]iothread ææ„å‡½æ•°
tid:[139650090613760]	[IOThread.cpp]	[60]	[~IOThread] :	[19:59:34]iothread ææ„å‡½æ•°
tid:[139650090613760]	[IOThread.cpp]	[60]	[~IOThread] :	[19:59:34]iothread ææ„å‡½æ•°
tid:[139650090613760]	[IOThread.cpp]	[60]	[~IOThread] :	[19:59:34]iothread ææ„å‡½æ•°
tid:[139650090613760]	[IOThread.cpp]	[60]	[~IOThread] :	[19:59:34]iothread ææ„å‡½æ•°
tid:[139650090613760]	[MainConfig.cpp]	[14]	[~MainConfig] :	[19:59:34]destructure of main config
tid:[140255446938176]	[MainConfig.cpp]	[9]	[MainConfig] :	[16:19:11]instructure of main config
tid:[140255446938176]	[main.cpp]	[16]	[main] :	[16:19:11]***********************wanjun server start***********************
tid:[140255446938176]	[MainServer.cpp]	[20]	[MainServer] :	[16:19:11]main server structure ...
tid:[140255446938176]	[MyTransport.cpp]	[17]	[MyTransport] :	[16:19:11]transport structure ...
tid:[140255419500288]	[IOThread.cpp]	[95]	[operator()] :	[16:19:11]start iothread event base loop
tid:[140255411107584]	[IOThread.cpp]	[95]	[operator()] :	[16:19:11]start iothread event base loop
tid:[140255385929472]	[IOThread.cpp]	[95]	[operator()] :	[16:19:11]start iothread event base loop
tid:[140255369144064]	[IOThread.cpp]	[95]	[operator()] :	[16:19:11]start iothread event base loop
tid:[140255352358656]	[IOThread.cpp]	[95]	[operator()] :	[16:19:11]start iothread event base loop
tid:[140255446938176]	[MainServer.cpp]	[75]	[serve] :	[16:19:11]serve() ... start 
tid:[140255402714880]	[IOThread.cpp]	[95]	[operator()] :	[16:19:11]start iothread event base loop
tid:[140255394322176]	[IOThread.cpp]	[95]	[operator()] :	[16:19:11]start iothread event base loop
tid:[140255377536768]	[IOThread.cpp]	[95]	[operator()] :	[16:19:11]start iothread event base loop
tid:[140255360751360]	[IOThread.cpp]	[95]	[operator()] :	[16:19:11]start iothread event base loop
tid:[140255343965952]	[IOThread.cpp]	[95]	[operator()] :	[16:19:11]start iothread event base loop
tid:[140255446938176]	[MyTransport.cpp]	[49]	[listen] :	[16:19:11]new listener ...
tid:[140255446938176]	[MainServer.cpp]	[168]	[stdin_cb] :	[16:19:20]you have input cmd : [size] 
tid:[140255446938176]	[MainServer.cpp]	[175]	[stdin_cb] :	[16:19:20]connection vector size 0 
tid:[140255446938176]	[MainServer.cpp]	[176]	[stdin_cb] :	[16:19:20]connection queue size 0 
tid:[140255446938176]	[MainServer.cpp]	[177]	[stdin_cb] :	[16:19:20]transport activeSokcet size = 0
tid:[140255446938176]	[MainServer.cpp]	[178]	[stdin_cb] :	[16:19:20]transport socketqueue size = 0


tid:[140255446938176]	[MainServer.cpp]	[168]	[stdin_cb] :	[16:19:22]you have input cmd : [over] 
tid:[140255446938176]	[MainServer.cpp]	[84]	[serve] :	[16:19:22]serve() ... end 
tid:[140255446938176]	[main.cpp]	[19]	[main] :	[16:19:22]************************wanjun server end************************
tid:[140255446938176]	[MainServer.cpp]	[38]	[~MainServer] :	[16:19:22]main server destructure ...
tid:[140255446938176]	[MyTransport.cpp]	[22]	[~MyTransport] :	[16:19:22]transport destructure ...
tid:[140255446938176]	[MyTransport.cpp]	[33]	[~MyTransport] :	[16:19:22]transport size = [0]
tid:[140255446938176]	[MainServer.cpp]	[55]	[~MainServer] :	[16:19:22]Main server vector sockets size = [0]
tid:[140255446938176]	[MainServer.cpp]	[61]	[~MainServer] :	[16:19:22]Main server connection queue size = [0] 
tid:[140255446938176]	[IOThread.cpp]	[60]	[~IOThread] :	[16:19:22]iothread ææ„å‡½æ•°
tid:[140255446938176]	[IOThread.cpp]	[60]	[~IOThread] :	[16:19:22]iothread ææ„å‡½æ•°
tid:[140255446938176]	[IOThread.cpp]	[60]	[~IOThread] :	[16:19:22]iothread ææ„å‡½æ•°
tid:[140255446938176]	[IOThread.cpp]	[60]	[~IOThread] :	[16:19:22]iothread ææ„å‡½æ•°
tid:[140255446938176]	[IOThread.cpp]	[60]	[~IOThread] :	[16:19:22]iothread ææ„å‡½æ•°
tid:[140255446938176]	[IOThread.cpp]	[60]	[~IOThread] :	[16:19:22]iothread ææ„å‡½æ•°
tid:[140255446938176]	[IOThread.cpp]	[60]	[~IOThread] :	[16:19:22]iothread ææ„å‡½æ•°
tid:[140255446938176]	[IOThread.cpp]	[60]	[~IOThread] :	[16:19:22]iothread ææ„å‡½æ•°
tid:[140255446938176]	[IOThread.cpp]	[60]	[~IOThread] :	[16:19:22]iothread ææ„å‡½æ•°
tid:[140255446938176]	[IOThread.cpp]	[60]	[~IOThread] :	[16:19:22]iothread ææ„å‡½æ•°
tid:[140255446938176]	[MainConfig.cpp]	[14]	[~MainConfig] :	[16:19:22]destructure of main config
